Performing C SOURCE FILE Test CMAKE_HAVE_LIBC_PTHREAD failed with the following output:
Change Dir: /home/nask24/Project/Project_2_CUDA_-_Python_Integration/build/CMakeFiles/CMakeTmp

Run Build Command(s):/usr/bin/make -f Makefile cmTC_1f998/fast && /usr/bin/make  -f CMakeFiles/cmTC_1f998.dir/build.make CMakeFiles/cmTC_1f998.dir/build
make[1]: Entering directory '/home/nask24/Project/Project_2_CUDA_-_Python_Integration/build/CMakeFiles/CMakeTmp'
Building C object CMakeFiles/cmTC_1f998.dir/src.c.o
/usr/bin/cc -DCMAKE_HAVE_LIBC_PTHREAD  -fPIC  -o CMakeFiles/cmTC_1f998.dir/src.c.o -c /home/nask24/Project/Project_2_CUDA_-_Python_Integration/build/CMakeFiles/CMakeTmp/src.c
Linking C executable cmTC_1f998
/usr/local/bin/cmake -E cmake_link_script CMakeFiles/cmTC_1f998.dir/link.txt --verbose=1
/usr/bin/cc -fPIC  CMakeFiles/cmTC_1f998.dir/src.c.o -o cmTC_1f998 
/usr/bin/ld: CMakeFiles/cmTC_1f998.dir/src.c.o: in function `main':
src.c:(.text+0x46): undefined reference to `pthread_create'
/usr/bin/ld: src.c:(.text+0x52): undefined reference to `pthread_detach'
/usr/bin/ld: src.c:(.text+0x5e): undefined reference to `pthread_cancel'
/usr/bin/ld: src.c:(.text+0x6f): undefined reference to `pthread_join'
collect2: error: ld returned 1 exit status
make[1]: *** [CMakeFiles/cmTC_1f998.dir/build.make:99: cmTC_1f998] Error 1
make[1]: Leaving directory '/home/nask24/Project/Project_2_CUDA_-_Python_Integration/build/CMakeFiles/CMakeTmp'
make: *** [Makefile:127: cmTC_1f998/fast] Error 2


Source file was:
#include <pthread.h>

static void* test_func(void* data)
{
  return data;
}

int main(void)
{
  pthread_t thread;
  pthread_create(&thread, NULL, test_func, NULL);
  pthread_detach(thread);
  pthread_cancel(thread);
  pthread_join(thread, NULL);
  pthread_atfork(NULL, NULL, NULL);
  pthread_exit(NULL);

  return 0;
}

Determining if the function pthread_create exists in the pthreads failed with the following output:
Change Dir: /home/nask24/Project/Project_2_CUDA_-_Python_Integration/build/CMakeFiles/CMakeTmp

Run Build Command(s):/usr/bin/make -f Makefile cmTC_d9c96/fast && /usr/bin/make  -f CMakeFiles/cmTC_d9c96.dir/build.make CMakeFiles/cmTC_d9c96.dir/build
make[1]: Entering directory '/home/nask24/Project/Project_2_CUDA_-_Python_Integration/build/CMakeFiles/CMakeTmp'
Building C object CMakeFiles/cmTC_d9c96.dir/CheckFunctionExists.c.o
/usr/bin/cc   -fPIC -DCHECK_FUNCTION_EXISTS=pthread_create -o CMakeFiles/cmTC_d9c96.dir/CheckFunctionExists.c.o -c /usr/local/share/cmake-3.22/Modules/CheckFunctionExists.c
Linking C executable cmTC_d9c96
/usr/local/bin/cmake -E cmake_link_script CMakeFiles/cmTC_d9c96.dir/link.txt --verbose=1
/usr/bin/cc -fPIC -DCHECK_FUNCTION_EXISTS=pthread_create CMakeFiles/cmTC_d9c96.dir/CheckFunctionExists.c.o -o cmTC_d9c96  -lpthreads 
/usr/bin/ld: cannot find -lpthreads
collect2: error: ld returned 1 exit status
make[1]: *** [CMakeFiles/cmTC_d9c96.dir/build.make:99: cmTC_d9c96] Error 1
make[1]: Leaving directory '/home/nask24/Project/Project_2_CUDA_-_Python_Integration/build/CMakeFiles/CMakeTmp'
make: *** [Makefile:127: cmTC_d9c96/fast] Error 2



